[2017-04-01 14:49:28] dashboard_api_logger.INFO: GET hello [] []
[2017-04-01 14:49:56] dashboard_api_logger.INFO: GET hello [] []
[2017-04-01 14:50:00] dashboard_api_logger.INFO: GET hello [] []
[2017-04-01 14:50:32] dashboard_api_logger.INFO: GET hello [] []
[2017-04-01 14:55:51] dashboard_api_logger.INFO: GET hello [] []
[2017-04-01 15:30:19] dashboard_api_logger.INFO: GET hello [] []
[2017-04-01 15:30:56] dashboard_api_logger.INFO: GET hello [] []
[2017-04-01 15:31:02] dashboard_api_logger.INFO: GET users [] []
[2017-04-01 15:31:21] dashboard_api_logger.INFO: GET users [] []
[2017-04-01 15:31:33] dashboard_api_logger.INFO: GET users [] []
[2017-04-01 15:32:00] dashboard_api_logger.INFO: GET users [] []
[2017-04-01 15:32:11] dashboard_api_logger.INFO: GET users [] []
[2017-04-01 15:34:20] dashboard_api_logger.INFO: GET hello [] []
[2017-04-01 15:34:22] dashboard_api_logger.INFO: GET hello [] []
[2017-04-01 15:34:42] dashboard_api_logger.INFO: GET hello [] []
[2017-04-01 15:34:53] dashboard_api_logger.INFO: GET hello [] []
[2017-04-01 15:35:28] dashboard_api_logger.INFO: GET hello [] []
[2017-04-01 15:35:35] dashboard_api_logger.INFO: GET hello [] []
[2017-04-01 15:35:50] dashboard_api_logger.INFO: GET hello [] []
[2017-04-01 15:36:24] dashboard_api_logger.INFO: GET hello [] []
[2017-04-01 15:37:57] dashboard_api_logger.INFO: GET hello [] []
[2017-04-01 15:38:08] dashboard_api_logger.INFO: GET hello [] []
[2017-04-01 15:38:42] dashboard_api_logger.INFO: GET hello [] []
[2017-04-01 15:39:55] dashboard_api_logger.INFO: GET users [] []
[2017-04-01 15:40:17] dashboard_api_logger.INFO: GET hello [] []
[2017-04-01 15:41:17] dashboard_api_logger.INFO: 0 [] []
[2017-04-01 15:41:54] dashboard_api_logger.INFO: 0 [] []
[2017-04-01 15:42:22] dashboard_api_logger.INFO: GET hellotest ced [] []
[2017-04-01 15:42:41] dashboard_api_logger.INFO: GET hello name=test ced [] []
[2017-04-01 15:43:08] dashboard_api_logger.INFO: GET hello name="test ced" [] []
[2017-04-01 16:09:07] dashboard_api_logger.INFO: GET hello name="test ced" [] []
[2017-04-01 16:09:14] dashboard_api_logger.INFO: GET users [] []
[2017-04-01 16:12:28] dashboard_api_logger.INFO: GET users [] []
[2017-04-01 16:12:34] dashboard_api_logger.INFO: GET users [] []
[2017-04-01 16:13:04] dashboard_api_logger.INFO: GET users [] []
[2017-04-01 16:13:49] dashboard_api_logger.INFO: GET users [] []
[2017-04-01 16:17:21] dashboard_api_logger.INFO: GET users [] []
[2017-04-01 16:18:33] dashboard_api_logger.INFO: GET users [] []
[2017-04-01 16:19:08] dashboard_api_logger.INFO: GET users [] []
[2017-04-01 16:22:50] dashboard_api_logger.INFO: GET users [] []
[2017-04-01 16:27:13] dashboard_api_logger.INFO: GET users [] []
[2017-04-01 16:30:09] dashboard_api_logger.INFO: GET users [] []
[2017-04-01 16:44:22] dashboard_api_logger.INFO: GET users [] []
[2017-04-01 16:44:48] dashboard_api_logger.INFO: GET users [] []
[2017-04-01 16:46:07] dashboard_api_logger.INFO: GET users [] []
[2017-04-01 16:47:56] dashboard_api_logger.INFO: GET users [] []
[2017-04-01 16:48:11] dashboard_api_logger.INFO: GET users [] []
[2017-04-01 16:48:42] dashboard_api_logger.INFO: GET users [] []
[2017-04-01 16:49:08] dashboard_api_logger.INFO: GET users [] []
[2017-04-01 16:49:51] dashboard_api_logger.INFO: GET users [] []
[2017-04-01 16:50:02] dashboard_api_logger.INFO: GET users [] []
[2017-04-01 16:52:05] dashboard_api_logger.INFO: GET users [] []
[2017-04-01 16:56:09] dashboard_api_logger.INFO: GET users [] []
[2017-04-01 16:56:44] dashboard_api_logger.INFO: GET users [] []
[2017-04-01 16:58:10] dashboard_api_logger.INFO: GET users [] []
[2017-04-01 16:58:29] dashboard_api_logger.INFO: GET users [] []
[2017-04-01 16:59:25] dashboard_api_logger.INFO: GET users [] []
[2017-04-01 17:00:00] dashboard_api_logger.INFO: GET users [] []
[2017-04-01 17:00:14] dashboard_api_logger.INFO: GET users [] []
[2017-04-01 17:00:45] dashboard_api_logger.INFO: GET users [] []
[2017-04-01 17:00:53] dashboard_api_logger.INFO: GET users [] []
[2017-04-01 17:01:31] dashboard_api_logger.INFO: GET users [] []
[2017-04-01 17:01:59] dashboard_api_logger.INFO: GET users [] []
[2017-04-01 17:08:38] dashboard_api_logger.INFO: GET users [] []
[2017-04-01 17:08:50] dashboard_api_logger.INFO: GET users [] []
[2017-04-01 17:13:02] dashboard_api_logger.INFO: GET users [] []
[2017-04-01 17:13:16] dashboard_api_logger.INFO: GET users [] []
[2017-04-01 17:14:48] dashboard_api_logger.INFO: GET users [] []
[2017-04-01 17:19:40] dashboard_api_logger.INFO: GET users [] []
[2017-04-01 18:08:10] dashboard_api_logger.INFO: GET users [] []
[2017-04-01 18:53:16] dashboard_api_logger.INFO: GET users [] []
[2017-04-01 22:15:24] dashboard_api_logger.INFO: GET users [] []
[2017-04-01 22:19:06] dashboard_api_logger.INFO: GET users [] []
[2017-04-01 22:28:29] dashboard_api_logger.INFO: GET users [] []
[2017-04-02 21:28:20] dashboard_api_logger.INFO: GET users [] []
[2017-04-02 21:55:28] dashboard_api_logger.INFO: GET users [] []
[2017-04-02 21:56:11] dashboard_api_logger.INFO: GET users [] []
[2017-04-02 21:57:27] dashboard_api_logger.INFO: GET users [] []
[2017-04-02 21:58:10] dashboard_api_logger.INFO: GET users [] []
[2017-04-02 22:01:24] dashboard_api_logger.INFO: GET users [] []
[2017-04-02 22:03:04] dashboard_api_logger.INFO: GET users [] []
[2017-04-02 22:03:47] dashboard_api_logger.INFO: GET users [] []
[2017-04-02 22:04:34] dashboard_api_logger.INFO: GET users [] []
[2017-04-02 22:05:36] dashboard_api_logger.INFO: GET users [] []
[2017-04-02 22:05:36] dashboard_api_logger.INFO: GET users [] []
[2017-04-02 22:05:46] dashboard_api_logger.INFO: GET users [] []
[2017-04-02 22:05:46] dashboard_api_logger.INFO: GET users [] []
[2017-04-02 22:06:40] dashboard_api_logger.INFO: GET users [] []
[2017-04-02 22:09:10] dashboard_api_logger.INFO: GET users [] []
